
 define (uc2n412.localdomain) : TURBOMOLE rev. V7.4.1 (b987a8a8) compiled 15 Oct 2019 at 12:03:25
 Copyright (C) 2019 TURBOMOLE GmbH, Karlsruhe


    2021-07-06 14:43:44.641 

                    HOST NAME = uc2n412.localdomain
             OPERATING SYSTEM = unix
   STANDARD BASIS SET LIBRARY = /opt/bwhpc/common/chem/turbomole/7.4.1_tmolex452/TURBOMOLE_COMPUTE/basen/
  ALTERNATE BASIS SET LIBRARY = /opt/bwhpc/common/chem/turbomole/7.4.1_tmolex452/TURBOMOLE_COMPUTE/basold/
 LIBRARY FOR RI-J  BASIS SETS = /opt/bwhpc/common/chem/turbomole/7.4.1_tmolex452/TURBOMOLE_COMPUTE/jbasen/
 LIBRARY FOR RI-JK BASIS SETS = /opt/bwhpc/common/chem/turbomole/7.4.1_tmolex452/TURBOMOLE_COMPUTE/jkbasen/
 LIBRARY FOR RIMP2/RICC2 SETS = /opt/bwhpc/common/chem/turbomole/7.4.1_tmolex452/TURBOMOLE_COMPUTE/cbasen/
 LIBRARY FOR RIR12 BASIS SETS = /opt/bwhpc/common/chem/turbomole/7.4.1_tmolex452/TURBOMOLE_COMPUTE/cabasen/
 LIBRARY FOR OEP   BASIS SETS = /opt/bwhpc/common/chem/turbomole/7.4.1_tmolex452/TURBOMOLE_COMPUTE/xbasen/
            STRUCTURE LIBRARY = /opt/bwhpc/common/chem/turbomole/7.4.1_tmolex452/TURBOMOLE_COMPUTE/structures/
 

 ***********************************************************
 *                                                         *
 *                       D E F I N E                       *
 *                                                         *
 *         TURBOMOLE'S  INTERACTIVE  INPUT  PROGRAM        *
 *                                                         *
 *  Quantum Chemistry Group       University of Karlsruhe  *
 *                                                         *
 ***********************************************************


 FILE control ALREADY EXISTS 
 I WILL PLUG IN THE NEW DATA.
 ***********************************************************
 *                                                         *
 *                  BATCH MODE ACTIVATED !                 *
 *                                                         *
 *  using mainly default settings and avoid user questions *
 *  delete $runbatch/$tmole in control file to deactivate  *
 *                                                         *
 ***********************************************************

 DATA WILL BE TAKEN FROM control BY DEFAULT
 
 INPUT TITLE 

 SYMMETRY c1   AND CARTESIAN COORDINATES FOR  10 ATOMS 
 HAVE BEEN READ FROM THE DEFAULT INPUT FILE control . 
 DEFINITIONS OF    1 INTERNAL COORDINATES HAVE BEEN READ. 
 SPECIFICATION OF BOND TOPOLOGY HAS BEEN READ. 
 DO YOU WANT TO CHANGE THE GEOMETRY DATA ?  DEFAULT=n  GOBACK=&


 SPECIFICATION OF MOLECULAR GEOMETRY ( #ATOMS=10    SYMMETRY=c1  )
 YOU MAY USE ONE OF THE FOLLOWING COMMANDS : 
 sy <group> <eps> : DEFINE MOLECULAR SYMMETRY (default for eps=3d-1)
 desy <eps>       : DETERMINE MOLECULAR SYMMETRY AND ADJUST 
                     COORDINATES (default for eps=1d-6)
 susy             : ADJUST COORDINATES FOR SUBGROUPS
 ai               : ADD ATOMIC COORDINATES INTERACTIVELY
 a <file>         : ADD ATOMIC COORDINATES FROM FILE <file>
 aa <file>        : ADD ATOMIC COORDINATES IN ANGSTROEM UNITS FROM FILE <file>
 sub              : SUBSTITUTE AN ATOM BY A GROUP OF ATOMS
 i                : INTERNAL COORDINATE MENU 
 ired             : REDUNDANT INTERNAL COORDINATES
 red_info         : DISPLAY REDUNDANT INTERNAL COORDINATES
 ff               : UFF-FORCEFIELD CALCULATION
 m                : MANIPULATE GEOMETRY
 frag             : Define Fragments for BSSE calculation
 w <file>         : WRITE MOLECULAR COORDINATES TO FILE <file> 
 r <file>         : RELOAD ATOMIC AND INTERNAL COORDINATES FROM FILE <file>
 name             : CHANGE ATOMIC IDENTIFIERS 
 del              : DELETE ATOMS 
 dis              : DISPLAY MOLECULAR GEOMETRY 
 banal            : CARRY OUT BOND ANALYSIS 
 *                : TERMINATE MOLECULAR GEOMETRY SPECIFICATION 
                     AND WRITE GEOMETRY DATA TO CONTROL FILE 

 IF YOU APPEND A QUESTION MARK TO ANY COMMAND AN EXPLANATION
 OF THAT COMMAND MAY BE GIVEN 

     GEOIRED: NBDIM      24  NDEGR:      24
      Lowest Eigenvalue of BmBt is:          0.0665889796
     GEOSPY: ATTENTION! 
     natural internals not linearly independent? 
       Decoupling with "globtry"=    1.76932794489700     
     GEOSPY: ATTENTION! 
     natural internals not linearly independent? 
       Decoupling with "globtry"=    1.07223097751876     
     GEOSPY: ATTENTION! 
     natural internals not linearly independent? 
       Decoupling with "globtry"=   0.999999999900000     
      Lowest Eigenvalue of projected BBt           0.0665889796 No:    24
      Quotient of Eigenvalues           1.0000000000
     OCCUPATION OF BLOCKS:   24    0    0    0    0

    geometry change & new internal coordinates :
delocalized internal coordinate             0.0000000000    3.0662010376
delocalized internal coordinate             0.0000000000    1.8192342881
delocalized internal coordinate             0.0000000000    1.8974773604
delocalized internal coordinate             0.0000000000    2.0702506924
delocalized internal coordinate             0.0000000000    2.0704323705
delocalized internal coordinate             0.0000000000    0.0246497608
delocalized internal coordinate             0.0000000000    0.0348563909
delocalized internal coordinate             0.0000000000    0.0546313256
delocalized internal coordinate             0.0000000000    0.0544535158
delocalized internal coordinate             0.0000000000    2.0702506903
delocalized internal coordinate             0.0000000000    2.0704323701
delocalized internal coordinate             0.0000000000    0.0246497670
delocalized internal coordinate             0.0000000000    0.0348563938
delocalized internal coordinate             0.0000000000    0.0546313328
delocalized internal coordinate             0.0000000000    0.0544535250
delocalized internal coordinate             0.0000000000    3.0662010663
delocalized internal coordinate             0.0000000000    1.8192342945
delocalized internal coordinate             0.0000000000    1.8974773697
delocalized internal coordinate             0.0000000000    2.6973843127
delocalized internal coordinate             0.0000000000    1.8856310187
delocalized internal coordinate             0.0000000000    2.6973843178
delocalized internal coordinate             0.0000000000    1.8856310193
delocalized internal coordinate             0.0000000000    2.8826188458
delocalized internal coordinate            -0.0000000000    2.3561944902

  **** convergence reached within     1 iterations ****

  Updated coordinates will be transformed into principal axis system

            *******************************************
   ATOM      NEW CARTESIAN COORDINATES

    1 h       0.72469874582964     -0.35882959097758     -4.70824835107023
    2 o      -0.37640722844830     -0.46990191670127     -3.26435016671435
    3 c       0.91812274366446      0.51160507108084     -1.11104612068407
    4 h       1.63505697705857      2.41675858863156     -1.48931266748205
    5 h       2.51908830057494     -0.69560327497534     -0.59578383389754
    6 c      -0.91812274525085      0.51160507019075      1.11104611745606
    7 h      -1.63505699607655      2.41675858243709      1.48931265560275
    8 h      -2.51908830071522     -0.69560326938220      0.59578381922667
    9 o       0.37640723132375     -0.46990191084792      3.26435017032304
   10 h      -0.72469875340932     -0.35882963722336      4.70824835880576

 SPECIFICATION OF MOLECULAR GEOMETRY ( #ATOMS=10    SYMMETRY=c1  )
 YOU MAY USE ONE OF THE FOLLOWING COMMANDS : 
 sy <group> <eps> : DEFINE MOLECULAR SYMMETRY (default for eps=3d-1)
 desy <eps>       : DETERMINE MOLECULAR SYMMETRY AND ADJUST 
                     COORDINATES (default for eps=1d-6)
 susy             : ADJUST COORDINATES FOR SUBGROUPS
 ai               : ADD ATOMIC COORDINATES INTERACTIVELY
 a <file>         : ADD ATOMIC COORDINATES FROM FILE <file>
 aa <file>        : ADD ATOMIC COORDINATES IN ANGSTROEM UNITS FROM FILE <file>
 sub              : SUBSTITUTE AN ATOM BY A GROUP OF ATOMS
 i                : INTERNAL COORDINATE MENU 
 ired             : REDUNDANT INTERNAL COORDINATES
 red_info         : DISPLAY REDUNDANT INTERNAL COORDINATES
 ff               : UFF-FORCEFIELD CALCULATION
 m                : MANIPULATE GEOMETRY
 frag             : Define Fragments for BSSE calculation
 w <file>         : WRITE MOLECULAR COORDINATES TO FILE <file> 
 r <file>         : RELOAD ATOMIC AND INTERNAL COORDINATES FROM FILE <file>
 name             : CHANGE ATOMIC IDENTIFIERS 
 del              : DELETE ATOMS 
 dis              : DISPLAY MOLECULAR GEOMETRY 
 banal            : CARRY OUT BOND ANALYSIS 
 *                : TERMINATE MOLECULAR GEOMETRY SPECIFICATION 
                     AND WRITE GEOMETRY DATA TO CONTROL FILE 

 IF YOU APPEND A QUESTION MARK TO ANY COMMAND AN EXPLANATION
 OF THAT COMMAND MAY BE GIVEN 


 GEOMETRY DATA WILL BE WRITTEN TO FILE coord


 ATOMIC ATTRIBUTE DATA (BASES,CHARGES,MASSES,ECPS) HAVE BEEN
 TAKEN FROM THE DEFAULT INPUT FILE control.
 DO YOU WANT TO CHANGE THESE DATA ? DEFAULT=n  GOBACK=&


========================
 internal module stack: 
------------------------
    define
    abcspy
========================

  program quits due to user input 
 define ended abnormally
 define ended abnormally
program stopped.
