
 define (uc2n412.localdomain) : TURBOMOLE rev. V7.4.1 (b987a8a8) compiled 15 Oct 2019 at 12:03:25
 Copyright (C) 2019 TURBOMOLE GmbH, Karlsruhe


    2021-07-06 14:28:26.878 

                    HOST NAME = uc2n412.localdomain
             OPERATING SYSTEM = unix
   STANDARD BASIS SET LIBRARY = /opt/bwhpc/common/chem/turbomole/7.4.1_tmolex452/TURBOMOLE_COMPUTE/basen/
  ALTERNATE BASIS SET LIBRARY = /opt/bwhpc/common/chem/turbomole/7.4.1_tmolex452/TURBOMOLE_COMPUTE/basold/
 LIBRARY FOR RI-J  BASIS SETS = /opt/bwhpc/common/chem/turbomole/7.4.1_tmolex452/TURBOMOLE_COMPUTE/jbasen/
 LIBRARY FOR RI-JK BASIS SETS = /opt/bwhpc/common/chem/turbomole/7.4.1_tmolex452/TURBOMOLE_COMPUTE/jkbasen/
 LIBRARY FOR RIMP2/RICC2 SETS = /opt/bwhpc/common/chem/turbomole/7.4.1_tmolex452/TURBOMOLE_COMPUTE/cbasen/
 LIBRARY FOR RIR12 BASIS SETS = /opt/bwhpc/common/chem/turbomole/7.4.1_tmolex452/TURBOMOLE_COMPUTE/cabasen/
 LIBRARY FOR OEP   BASIS SETS = /opt/bwhpc/common/chem/turbomole/7.4.1_tmolex452/TURBOMOLE_COMPUTE/xbasen/
            STRUCTURE LIBRARY = /opt/bwhpc/common/chem/turbomole/7.4.1_tmolex452/TURBOMOLE_COMPUTE/structures/
 

 ***********************************************************
 *                                                         *
 *                       D E F I N E                       *
 *                                                         *
 *         TURBOMOLE'S  INTERACTIVE  INPUT  PROGRAM        *
 *                                                         *
 *  Quantum Chemistry Group       University of Karlsruhe  *
 *                                                         *
 ***********************************************************


 FILE control ALREADY EXISTS 
 I WILL PLUG IN THE NEW DATA.
 ***********************************************************
 *                                                         *
 *                  BATCH MODE ACTIVATED !                 *
 *                                                         *
 *  using mainly default settings and avoid user questions *
 *  delete $runbatch/$tmole in control file to deactivate  *
 *                                                         *
 ***********************************************************

 DATA WILL BE TAKEN FROM control BY DEFAULT
 
 INPUT TITLE 

 SYMMETRY c1   AND CARTESIAN COORDINATES FOR  10 ATOMS 
 HAVE BEEN READ FROM THE DEFAULT INPUT FILE control . 
 DEFINITIONS OF    1 INTERNAL COORDINATES HAVE BEEN READ. 
 SPECIFICATION OF BOND TOPOLOGY HAS BEEN READ. 
 DO YOU WANT TO CHANGE THE GEOMETRY DATA ?  DEFAULT=n  GOBACK=&


 SPECIFICATION OF MOLECULAR GEOMETRY ( #ATOMS=10    SYMMETRY=c1  )
 YOU MAY USE ONE OF THE FOLLOWING COMMANDS : 
 sy <group> <eps> : DEFINE MOLECULAR SYMMETRY (default for eps=3d-1)
 desy <eps>       : DETERMINE MOLECULAR SYMMETRY AND ADJUST 
                     COORDINATES (default for eps=1d-6)
 susy             : ADJUST COORDINATES FOR SUBGROUPS
 ai               : ADD ATOMIC COORDINATES INTERACTIVELY
 a <file>         : ADD ATOMIC COORDINATES FROM FILE <file>
 aa <file>        : ADD ATOMIC COORDINATES IN ANGSTROEM UNITS FROM FILE <file>
 sub              : SUBSTITUTE AN ATOM BY A GROUP OF ATOMS
 i                : INTERNAL COORDINATE MENU 
 ired             : REDUNDANT INTERNAL COORDINATES
 red_info         : DISPLAY REDUNDANT INTERNAL COORDINATES
 ff               : UFF-FORCEFIELD CALCULATION
 m                : MANIPULATE GEOMETRY
 frag             : Define Fragments for BSSE calculation
 w <file>         : WRITE MOLECULAR COORDINATES TO FILE <file> 
 r <file>         : RELOAD ATOMIC AND INTERNAL COORDINATES FROM FILE <file>
 name             : CHANGE ATOMIC IDENTIFIERS 
 del              : DELETE ATOMS 
 dis              : DISPLAY MOLECULAR GEOMETRY 
 banal            : CARRY OUT BOND ANALYSIS 
 *                : TERMINATE MOLECULAR GEOMETRY SPECIFICATION 
                     AND WRITE GEOMETRY DATA TO CONTROL FILE 

 IF YOU APPEND A QUESTION MARK TO ANY COMMAND AN EXPLANATION
 OF THAT COMMAND MAY BE GIVEN 

     GEOIRED: NBDIM      24  NDEGR:      24
      Lowest Eigenvalue of BmBt is:          0.0665394401
     GEOSPY: ATTENTION! 
     natural internals not linearly independent? 
       Decoupling with "globtry"=    1.59117546781676     
     GEOSPY: ATTENTION! 
     natural internals not linearly independent? 
       Decoupling with "globtry"=    1.16138130590207     
     GEOSPY: ATTENTION! 
     natural internals not linearly independent? 
       Decoupling with "globtry"=   0.999999999900000     
      Lowest Eigenvalue of projected BBt           0.0665394401 No:    24
      Quotient of Eigenvalues           1.0000000000
     OCCUPATION OF BLOCKS:   24    0    0    0    0

    geometry change & new internal coordinates :
delocalized internal coordinate             0.0000000000    3.1559777115
delocalized internal coordinate             0.0000000000    1.8195967825
delocalized internal coordinate             0.0000000000    1.8973104279
delocalized internal coordinate             0.0000000000    2.0693498062
delocalized internal coordinate             0.0000000000    2.0710640691
delocalized internal coordinate             0.0000000000    0.0234254070
delocalized internal coordinate             0.0000000000    0.0253296121
delocalized internal coordinate             0.0000000000    0.0449987039
delocalized internal coordinate             0.0000000000    0.0586809540
delocalized internal coordinate             0.0000000000    2.0693497986
delocalized internal coordinate             0.0000000000    2.0710640629
delocalized internal coordinate             0.0000000000    0.0234253815
delocalized internal coordinate             0.0000000000    0.0253296008
delocalized internal coordinate             0.0000000000    0.0449987074
delocalized internal coordinate             0.0000000000    0.0586809476
delocalized internal coordinate             0.0000000000    3.1559784337
delocalized internal coordinate             0.0000000000    1.8195967883
delocalized internal coordinate             0.0000000000    1.8973104535
delocalized internal coordinate             0.0000000000    2.6986640188
delocalized internal coordinate             0.0000000000    1.8912096342
delocalized internal coordinate             0.0000000000    2.6986640388
delocalized internal coordinate             0.0000000000    1.8912096235
delocalized internal coordinate             0.0000000000    2.8843548338
delocalized internal coordinate            -0.0000000000    2.1467549800

  **** convergence reached within     1 iterations ****

  Updated coordinates will be transformed into principal axis system

            *******************************************
   ATOM      NEW CARTESIAN COORDINATES

    1 h       0.73200527833438     -0.60829443477513     -4.62887607877039
    2 o      -0.38129538255161     -0.58118363518485     -3.18986284261430
    3 c       0.88120903905372      0.64097080421706     -1.14164200544485
    4 h       1.40482168233401      2.57374461579216     -1.67034000197073
    5 h       2.60140168598629     -0.37830820334649     -0.60852271071380
    6 c      -0.88120889709636      0.64097104177669      1.14164199476683
    7 h      -1.40482107114139      2.57374498053544      1.67033996657894
    8 h      -2.60140177711153     -0.37830759694737      0.60852277632812
    9 o       0.38129527632738     -0.58118363759884      3.18986286808275
   10 h      -0.73200580390511     -0.60829526483946      4.62887577153116

 SPECIFICATION OF MOLECULAR GEOMETRY ( #ATOMS=10    SYMMETRY=c1  )
 YOU MAY USE ONE OF THE FOLLOWING COMMANDS : 
 sy <group> <eps> : DEFINE MOLECULAR SYMMETRY (default for eps=3d-1)
 desy <eps>       : DETERMINE MOLECULAR SYMMETRY AND ADJUST 
                     COORDINATES (default for eps=1d-6)
 susy             : ADJUST COORDINATES FOR SUBGROUPS
 ai               : ADD ATOMIC COORDINATES INTERACTIVELY
 a <file>         : ADD ATOMIC COORDINATES FROM FILE <file>
 aa <file>        : ADD ATOMIC COORDINATES IN ANGSTROEM UNITS FROM FILE <file>
 sub              : SUBSTITUTE AN ATOM BY A GROUP OF ATOMS
 i                : INTERNAL COORDINATE MENU 
 ired             : REDUNDANT INTERNAL COORDINATES
 red_info         : DISPLAY REDUNDANT INTERNAL COORDINATES
 ff               : UFF-FORCEFIELD CALCULATION
 m                : MANIPULATE GEOMETRY
 frag             : Define Fragments for BSSE calculation
 w <file>         : WRITE MOLECULAR COORDINATES TO FILE <file> 
 r <file>         : RELOAD ATOMIC AND INTERNAL COORDINATES FROM FILE <file>
 name             : CHANGE ATOMIC IDENTIFIERS 
 del              : DELETE ATOMS 
 dis              : DISPLAY MOLECULAR GEOMETRY 
 banal            : CARRY OUT BOND ANALYSIS 
 *                : TERMINATE MOLECULAR GEOMETRY SPECIFICATION 
                     AND WRITE GEOMETRY DATA TO CONTROL FILE 

 IF YOU APPEND A QUESTION MARK TO ANY COMMAND AN EXPLANATION
 OF THAT COMMAND MAY BE GIVEN 


 GEOMETRY DATA WILL BE WRITTEN TO FILE coord


 ATOMIC ATTRIBUTE DATA (BASES,CHARGES,MASSES,ECPS) HAVE BEEN
 TAKEN FROM THE DEFAULT INPUT FILE control.
 DO YOU WANT TO CHANGE THESE DATA ? DEFAULT=n  GOBACK=&


========================
 internal module stack: 
------------------------
    define
    abcspy
========================

  program quits due to user input 
 define ended abnormally
 define ended abnormally
program stopped.
