
  TURBOMOLE 7.4.1 @ PARA_ARCH=SEQ removed from current session/environment.


  TURBOMOLE 7.4.1 @ PARA_ARCH=SMP loaded to current session/environment.

 dscf ended normally
OPTIMIZATION CYCLE 1
 grad ended normally 
  statpt ended normally
 dscf ended normally
OPTIMIZATION CYCLE 2
 grad ended normally 
  statpt ended normally
 dscf ended normally

============================= JOB FEEDBACK =============================

NodeName=uc2n418
Job ID: 19623325
Cluster: uc2
User/Group: st_ac135066/st_us-042110
State: COMPLETED (exit code 0)
Nodes: 1
Cores per node: 8
CPU Utilized: 00:02:58
CPU Efficiency: 48.37% of 00:06:08 core-walltime
Job Wall-clock time: 00:00:46
Memory Utilized: 81.26 MB
Memory Efficiency: 4.06% of 1.95 GB
