found GEO_OPT_RUNNING in tors_0.00. something is strange. skipping...
running in tors_10.00
running in tors_20.00
running in tors_30.00
running in tors_40.00
running in tors_50.00
running in tors_60.00
running in tors_70.00
running in tors_80.00
running in tors_90.00
running in tors_100.00
running in tors_110.00
running in tors_120.00
running in tors_130.00
running in tors_140.00
running in tors_150.00
running in tors_160.00
running in tors_170.00
running in tors_180.00
cat: tors_0.00/tors_0.00.xyz: No such file or directory
grep: tors_0.00/gradient: No such file or directory

============================= JOB FEEDBACK =============================

NodeName=uc2n418
Job ID: 19623327
Cluster: uc2
User/Group: st_ac135066/st_us-042110
State: COMPLETED (exit code 0)
Nodes: 1
Cores per node: 8
CPU Utilized: 01:26:19
CPU Efficiency: 12.38% of 11:37:12 core-walltime
Job Wall-clock time: 01:27:09
Memory Utilized: 24.12 MB
Memory Efficiency: 1.21% of 1.95 GB
