
 define (uc2n366.localdomain) : TURBOMOLE rev. V7.4.1 (b987a8a8) compiled 15 Oct 2019 at 12:03:25
 Copyright (C) 2019 TURBOMOLE GmbH, Karlsruhe


    2021-08-06 22:05:33.906 

                    HOST NAME = uc2n366.localdomain
             OPERATING SYSTEM = unix
   STANDARD BASIS SET LIBRARY = /opt/bwhpc/common/chem/turbomole/7.4.1_tmolex452/TURBOMOLE_COMPUTE/basen/
  ALTERNATE BASIS SET LIBRARY = /opt/bwhpc/common/chem/turbomole/7.4.1_tmolex452/TURBOMOLE_COMPUTE/basold/
 LIBRARY FOR RI-J  BASIS SETS = /opt/bwhpc/common/chem/turbomole/7.4.1_tmolex452/TURBOMOLE_COMPUTE/jbasen/
 LIBRARY FOR RI-JK BASIS SETS = /opt/bwhpc/common/chem/turbomole/7.4.1_tmolex452/TURBOMOLE_COMPUTE/jkbasen/
 LIBRARY FOR RIMP2/RICC2 SETS = /opt/bwhpc/common/chem/turbomole/7.4.1_tmolex452/TURBOMOLE_COMPUTE/cbasen/
 LIBRARY FOR RIR12 BASIS SETS = /opt/bwhpc/common/chem/turbomole/7.4.1_tmolex452/TURBOMOLE_COMPUTE/cabasen/
 LIBRARY FOR OEP   BASIS SETS = /opt/bwhpc/common/chem/turbomole/7.4.1_tmolex452/TURBOMOLE_COMPUTE/xbasen/
            STRUCTURE LIBRARY = /opt/bwhpc/common/chem/turbomole/7.4.1_tmolex452/TURBOMOLE_COMPUTE/structures/
 

 ***********************************************************
 *                                                         *
 *                       D E F I N E                       *
 *                                                         *
 *         TURBOMOLE'S  INTERACTIVE  INPUT  PROGRAM        *
 *                                                         *
 *  Quantum Chemistry Group       University of Karlsruhe  *
 *                                                         *
 ***********************************************************


 FILE control ALREADY EXISTS 
 I WILL PLUG IN THE NEW DATA.
 ***********************************************************
 *                                                         *
 *                  BATCH MODE ACTIVATED !                 *
 *                                                         *
 *  using mainly default settings and avoid user questions *
 *  delete $runbatch/$tmole in control file to deactivate  *
 *                                                         *
 ***********************************************************

 DATA WILL BE TAKEN FROM control BY DEFAULT
 
 INPUT TITLE 

 SYMMETRY c1   AND CARTESIAN COORDINATES FOR  10 ATOMS 
 HAVE BEEN READ FROM THE DEFAULT INPUT FILE control . 
 DEFINITIONS OF    1 INTERNAL COORDINATES HAVE BEEN READ. 
 SPECIFICATION OF BOND TOPOLOGY HAS BEEN READ. 
 DO YOU WANT TO CHANGE THE GEOMETRY DATA ?  DEFAULT=n  GOBACK=&


 SPECIFICATION OF MOLECULAR GEOMETRY ( #ATOMS=10    SYMMETRY=c1  )
 YOU MAY USE ONE OF THE FOLLOWING COMMANDS : 
 sy <group> <eps> : DEFINE MOLECULAR SYMMETRY (default for eps=3d-1)
 desy <eps>       : DETERMINE MOLECULAR SYMMETRY AND ADJUST 
                     COORDINATES (default for eps=1d-6)
 susy             : ADJUST COORDINATES FOR SUBGROUPS
 ai               : ADD ATOMIC COORDINATES INTERACTIVELY
 a <file>         : ADD ATOMIC COORDINATES FROM FILE <file>
 aa <file>        : ADD ATOMIC COORDINATES IN ANGSTROEM UNITS FROM FILE <file>
 sub              : SUBSTITUTE AN ATOM BY A GROUP OF ATOMS
 i                : INTERNAL COORDINATE MENU 
 ired             : REDUNDANT INTERNAL COORDINATES
 red_info         : DISPLAY REDUNDANT INTERNAL COORDINATES
 ff               : UFF-FORCEFIELD CALCULATION
 m                : MANIPULATE GEOMETRY
 frag             : Define Fragments for BSSE calculation
 w <file>         : WRITE MOLECULAR COORDINATES TO FILE <file> 
 r <file>         : RELOAD ATOMIC AND INTERNAL COORDINATES FROM FILE <file>
 name             : CHANGE ATOMIC IDENTIFIERS 
 del              : DELETE ATOMS 
 dis              : DISPLAY MOLECULAR GEOMETRY 
 banal            : CARRY OUT BOND ANALYSIS 
 *                : TERMINATE MOLECULAR GEOMETRY SPECIFICATION 
                     AND WRITE GEOMETRY DATA TO CONTROL FILE 

 IF YOU APPEND A QUESTION MARK TO ANY COMMAND AN EXPLANATION
 OF THAT COMMAND MAY BE GIVEN 

     GEOIRED: NBDIM      24  NDEGR:      24
      Lowest Eigenvalue of BmBt is:          0.0547619349
     GEOSPY: ATTENTION! 
     natural internals not linearly independent? 
       Decoupling with "globtry"=    1.22772989561900     
     GEOSPY: ATTENTION! 
     natural internals not linearly independent? 
       Decoupling with "globtry"=   0.999999999900000     
      Lowest Eigenvalue of projected BBt           0.0547619349 No:    24
      Quotient of Eigenvalues           1.0000000000
     OCCUPATION OF BLOCKS:   24    0    0    0    0

    geometry change & new internal coordinates :
delocalized internal coordinate             0.0000000000    3.0868706389
delocalized internal coordinate             0.0000000000    1.8224672476
delocalized internal coordinate             0.0000000000    1.8622800335
delocalized internal coordinate             0.0000000000    2.0697860993
delocalized internal coordinate             0.0000000000    2.0715360734
delocalized internal coordinate             0.0000000000    0.0272439765
delocalized internal coordinate             0.0000000000    0.0145534995
delocalized internal coordinate             0.0000000000   -0.0112179609
delocalized internal coordinate             0.0000000000    0.0436647306
delocalized internal coordinate             0.0000000000    2.0697860986
delocalized internal coordinate             0.0000000000    2.0715360740
delocalized internal coordinate             0.0000000000    0.0272439714
delocalized internal coordinate             0.0000000000    0.0145535018
delocalized internal coordinate             0.0000000000   -0.0112179816
delocalized internal coordinate             0.0000000000    0.0436647659
delocalized internal coordinate             0.0000000000    3.0868686635
delocalized internal coordinate             0.0000000000    1.8224672470
delocalized internal coordinate             0.0000000000    1.8622800332
delocalized internal coordinate             0.0000000000    2.6773208930
delocalized internal coordinate             0.0000000000    1.9182006940
delocalized internal coordinate             0.0000000000    2.6773208927
delocalized internal coordinate             0.0000000000    1.9182006797
delocalized internal coordinate             0.0000000000    2.9000830089
delocalized internal coordinate            -0.0000000000    0.3141592654

  **** convergence reached within     1 iterations ****

  Updated coordinates will be transformed into principal axis system

            *******************************************
   ATOM      NEW CARTESIAN COORDINATES

    1 h       0.02536109723610     -1.07813529413556     -4.20525011495156
    2 o      -0.11166098512587     -1.19279859050307     -2.39156211913997
    3 c       0.17154348981576      1.29358493433392     -1.43985872159026
    4 h      -1.20237252622754      2.59874170522060     -2.27228594441412
    5 h       2.06476882269498      1.99797013503954     -1.89898945595462
    6 c      -0.17154350161643      1.29358491763325      1.43985876020532
    7 h       1.20237260778365      2.59874157399384      2.27228600678741
    8 h      -2.06476878503367      1.99797022675610      1.89898953497719
    9 o       0.11166078366427     -1.19279866213605      2.39156206979697
   10 h      -0.02535787805614     -1.07813494308381      4.20525029662810

 SPECIFICATION OF MOLECULAR GEOMETRY ( #ATOMS=10    SYMMETRY=c1  )
 YOU MAY USE ONE OF THE FOLLOWING COMMANDS : 
 sy <group> <eps> : DEFINE MOLECULAR SYMMETRY (default for eps=3d-1)
 desy <eps>       : DETERMINE MOLECULAR SYMMETRY AND ADJUST 
                     COORDINATES (default for eps=1d-6)
 susy             : ADJUST COORDINATES FOR SUBGROUPS
 ai               : ADD ATOMIC COORDINATES INTERACTIVELY
 a <file>         : ADD ATOMIC COORDINATES FROM FILE <file>
 aa <file>        : ADD ATOMIC COORDINATES IN ANGSTROEM UNITS FROM FILE <file>
 sub              : SUBSTITUTE AN ATOM BY A GROUP OF ATOMS
 i                : INTERNAL COORDINATE MENU 
 ired             : REDUNDANT INTERNAL COORDINATES
 red_info         : DISPLAY REDUNDANT INTERNAL COORDINATES
 ff               : UFF-FORCEFIELD CALCULATION
 m                : MANIPULATE GEOMETRY
 frag             : Define Fragments for BSSE calculation
 w <file>         : WRITE MOLECULAR COORDINATES TO FILE <file> 
 r <file>         : RELOAD ATOMIC AND INTERNAL COORDINATES FROM FILE <file>
 name             : CHANGE ATOMIC IDENTIFIERS 
 del              : DELETE ATOMS 
 dis              : DISPLAY MOLECULAR GEOMETRY 
 banal            : CARRY OUT BOND ANALYSIS 
 *                : TERMINATE MOLECULAR GEOMETRY SPECIFICATION 
                     AND WRITE GEOMETRY DATA TO CONTROL FILE 

 IF YOU APPEND A QUESTION MARK TO ANY COMMAND AN EXPLANATION
 OF THAT COMMAND MAY BE GIVEN 


 GEOMETRY DATA WILL BE WRITTEN TO FILE coord


 ATOMIC ATTRIBUTE DATA (BASES,CHARGES,MASSES,ECPS) HAVE BEEN
 TAKEN FROM THE DEFAULT INPUT FILE control.
 DO YOU WANT TO CHANGE THESE DATA ? DEFAULT=n  GOBACK=&


========================
 internal module stack: 
------------------------
    define
    abcspy
========================

  program quits due to user input 
 define ended abnormally
 define ended abnormally
program stopped.
