
 define (uc2n418.localdomain) : TURBOMOLE rev. V7.4.1 (b987a8a8) compiled 15 Oct 2019 at 12:03:25
 Copyright (C) 2019 TURBOMOLE GmbH, Karlsruhe


    2021-07-06 00:07:38.581 

                    HOST NAME = uc2n418.localdomain
             OPERATING SYSTEM = unix
   STANDARD BASIS SET LIBRARY = /opt/bwhpc/common/chem/turbomole/7.4.1_tmolex452/TURBOMOLE_COMPUTE/basen/
  ALTERNATE BASIS SET LIBRARY = /opt/bwhpc/common/chem/turbomole/7.4.1_tmolex452/TURBOMOLE_COMPUTE/basold/
 LIBRARY FOR RI-J  BASIS SETS = /opt/bwhpc/common/chem/turbomole/7.4.1_tmolex452/TURBOMOLE_COMPUTE/jbasen/
 LIBRARY FOR RI-JK BASIS SETS = /opt/bwhpc/common/chem/turbomole/7.4.1_tmolex452/TURBOMOLE_COMPUTE/jkbasen/
 LIBRARY FOR RIMP2/RICC2 SETS = /opt/bwhpc/common/chem/turbomole/7.4.1_tmolex452/TURBOMOLE_COMPUTE/cbasen/
 LIBRARY FOR RIR12 BASIS SETS = /opt/bwhpc/common/chem/turbomole/7.4.1_tmolex452/TURBOMOLE_COMPUTE/cabasen/
 LIBRARY FOR OEP   BASIS SETS = /opt/bwhpc/common/chem/turbomole/7.4.1_tmolex452/TURBOMOLE_COMPUTE/xbasen/
            STRUCTURE LIBRARY = /opt/bwhpc/common/chem/turbomole/7.4.1_tmolex452/TURBOMOLE_COMPUTE/structures/
 

 ***********************************************************
 *                                                         *
 *                       D E F I N E                       *
 *                                                         *
 *         TURBOMOLE'S  INTERACTIVE  INPUT  PROGRAM        *
 *                                                         *
 *  Quantum Chemistry Group       University of Karlsruhe  *
 *                                                         *
 ***********************************************************


 FILE control ALREADY EXISTS 
 I WILL PLUG IN THE NEW DATA.
 ***********************************************************
 *                                                         *
 *                  BATCH MODE ACTIVATED !                 *
 *                                                         *
 *  using mainly default settings and avoid user questions *
 *  delete $runbatch/$tmole in control file to deactivate  *
 *                                                         *
 ***********************************************************

 DATA WILL BE TAKEN FROM control BY DEFAULT
 
 INPUT TITLE 

 SYMMETRY c1   AND CARTESIAN COORDINATES FOR  10 ATOMS 
 HAVE BEEN READ FROM THE DEFAULT INPUT FILE control . 
 DEFINITIONS OF    1 INTERNAL COORDINATES HAVE BEEN READ. 
 SPECIFICATION OF BOND TOPOLOGY HAS BEEN READ. 
 DO YOU WANT TO CHANGE THE GEOMETRY DATA ?  DEFAULT=n  GOBACK=&


 SPECIFICATION OF MOLECULAR GEOMETRY ( #ATOMS=10    SYMMETRY=c1  )
 YOU MAY USE ONE OF THE FOLLOWING COMMANDS : 
 sy <group> <eps> : DEFINE MOLECULAR SYMMETRY (default for eps=3d-1)
 desy <eps>       : DETERMINE MOLECULAR SYMMETRY AND ADJUST 
                     COORDINATES (default for eps=1d-6)
 susy             : ADJUST COORDINATES FOR SUBGROUPS
 ai               : ADD ATOMIC COORDINATES INTERACTIVELY
 a <file>         : ADD ATOMIC COORDINATES FROM FILE <file>
 aa <file>        : ADD ATOMIC COORDINATES IN ANGSTROEM UNITS FROM FILE <file>
 sub              : SUBSTITUTE AN ATOM BY A GROUP OF ATOMS
 i                : INTERNAL COORDINATE MENU 
 ired             : REDUNDANT INTERNAL COORDINATES
 red_info         : DISPLAY REDUNDANT INTERNAL COORDINATES
 ff               : UFF-FORCEFIELD CALCULATION
 m                : MANIPULATE GEOMETRY
 frag             : Define Fragments for BSSE calculation
 w <file>         : WRITE MOLECULAR COORDINATES TO FILE <file> 
 r <file>         : RELOAD ATOMIC AND INTERNAL COORDINATES FROM FILE <file>
 name             : CHANGE ATOMIC IDENTIFIERS 
 del              : DELETE ATOMS 
 dis              : DISPLAY MOLECULAR GEOMETRY 
 banal            : CARRY OUT BOND ANALYSIS 
 *                : TERMINATE MOLECULAR GEOMETRY SPECIFICATION 
                     AND WRITE GEOMETRY DATA TO CONTROL FILE 

 IF YOU APPEND A QUESTION MARK TO ANY COMMAND AN EXPLANATION
 OF THAT COMMAND MAY BE GIVEN 

     GEOIRED: NBDIM      24  NDEGR:      24
      Lowest Eigenvalue of BmBt is:          0.0646040912
     GEOSPY: ATTENTION! 
     natural internals not linearly independent? 
       Decoupling with "globtry"=    1.90529192728426     
     GEOSPY: ATTENTION! 
     natural internals not linearly independent? 
       Decoupling with "globtry"=    1.04637950744590     
     GEOSPY: ATTENTION! 
     natural internals not linearly independent? 
       Decoupling with "globtry"=   0.999999999900000     
      Lowest Eigenvalue of projected BBt           0.0646040912 No:    24
      Quotient of Eigenvalues           1.0000000000
     OCCUPATION OF BLOCKS:   24    0    0    0    0

    geometry change & new internal coordinates :
delocalized internal coordinate             0.0000000000    3.4164475729
delocalized internal coordinate             0.0000000000    1.8177851182
delocalized internal coordinate             0.0000000000    1.9025491481
delocalized internal coordinate             0.0000000000    2.0724583251
delocalized internal coordinate             0.0000000000    2.0762099055
delocalized internal coordinate             0.0000000000    0.0408612292
delocalized internal coordinate             0.0000000000    0.0034022624
delocalized internal coordinate             0.0000000000    0.0261768341
delocalized internal coordinate             0.0000000000    0.0022909989
delocalized internal coordinate             0.0000000000    2.0724583558
delocalized internal coordinate             0.0000000000    2.0762099101
delocalized internal coordinate             0.0000000000    0.0408612540
delocalized internal coordinate             0.0000000000    0.0034022912
delocalized internal coordinate             0.0000000000    0.0261770284
delocalized internal coordinate             0.0000000000    0.0022912470
delocalized internal coordinate             0.0000000000    3.4164425388
delocalized internal coordinate             0.0000000000    1.8177851423
delocalized internal coordinate             0.0000000000    1.9025490865
delocalized internal coordinate             0.0000000000    2.6872455824
delocalized internal coordinate             0.0000000000    1.9064695457
delocalized internal coordinate             0.0000000000    2.6872455728
delocalized internal coordinate             0.0000000000    1.9064694248
delocalized internal coordinate             0.0000000000    2.8534513653
delocalized internal coordinate             0.0000000000    1.2217304764

  **** convergence reached within     1 iterations ****

  Updated coordinates will be transformed into principal axis system

            *******************************************
   ATOM      NEW CARTESIAN COORDINATES

    1 h       0.71576345364430     -1.26394264693206     -4.14872098760852
    2 o      -0.35743753440973     -0.98482326881332     -2.70834785958511
    3 c       0.59553838931886      1.09358391379004     -1.29648763552533
    4 h       0.14504795158771      2.89460472905514     -2.22601975450754
    5 h       2.65324630068629      0.96999308314549     -1.08283612595541
    6 c      -0.59553810785845      1.09358402726118      1.29648777353324
    7 h      -0.14504676610085      2.89460455461826      2.22602002256572
    8 h      -2.65324612379015      0.96999413363256      1.08283643186160
    9 o       0.35743697248920     -0.98482390087591      2.70834745103976
   10 h      -0.71575925065527     -1.26393763223461      4.14872525391391

 SPECIFICATION OF MOLECULAR GEOMETRY ( #ATOMS=10    SYMMETRY=c1  )
 YOU MAY USE ONE OF THE FOLLOWING COMMANDS : 
 sy <group> <eps> : DEFINE MOLECULAR SYMMETRY (default for eps=3d-1)
 desy <eps>       : DETERMINE MOLECULAR SYMMETRY AND ADJUST 
                     COORDINATES (default for eps=1d-6)
 susy             : ADJUST COORDINATES FOR SUBGROUPS
 ai               : ADD ATOMIC COORDINATES INTERACTIVELY
 a <file>         : ADD ATOMIC COORDINATES FROM FILE <file>
 aa <file>        : ADD ATOMIC COORDINATES IN ANGSTROEM UNITS FROM FILE <file>
 sub              : SUBSTITUTE AN ATOM BY A GROUP OF ATOMS
 i                : INTERNAL COORDINATE MENU 
 ired             : REDUNDANT INTERNAL COORDINATES
 red_info         : DISPLAY REDUNDANT INTERNAL COORDINATES
 ff               : UFF-FORCEFIELD CALCULATION
 m                : MANIPULATE GEOMETRY
 frag             : Define Fragments for BSSE calculation
 w <file>         : WRITE MOLECULAR COORDINATES TO FILE <file> 
 r <file>         : RELOAD ATOMIC AND INTERNAL COORDINATES FROM FILE <file>
 name             : CHANGE ATOMIC IDENTIFIERS 
 del              : DELETE ATOMS 
 dis              : DISPLAY MOLECULAR GEOMETRY 
 banal            : CARRY OUT BOND ANALYSIS 
 *                : TERMINATE MOLECULAR GEOMETRY SPECIFICATION 
                     AND WRITE GEOMETRY DATA TO CONTROL FILE 

 IF YOU APPEND A QUESTION MARK TO ANY COMMAND AN EXPLANATION
 OF THAT COMMAND MAY BE GIVEN 


 GEOMETRY DATA WILL BE WRITTEN TO FILE coord


 ATOMIC ATTRIBUTE DATA (BASES,CHARGES,MASSES,ECPS) HAVE BEEN
 TAKEN FROM THE DEFAULT INPUT FILE control.
 DO YOU WANT TO CHANGE THESE DATA ? DEFAULT=n  GOBACK=&


========================
 internal module stack: 
------------------------
    define
    abcspy
========================

  program quits due to user input 
 define ended abnormally
 define ended abnormally
program stopped.
