
 define (uc2n366.localdomain) : TURBOMOLE rev. V7.4.1 (b987a8a8) compiled 15 Oct 2019 at 12:03:25
 Copyright (C) 2019 TURBOMOLE GmbH, Karlsruhe


    2021-08-07 07:11:05.995 

                    HOST NAME = uc2n366.localdomain
             OPERATING SYSTEM = unix
   STANDARD BASIS SET LIBRARY = /opt/bwhpc/common/chem/turbomole/7.4.1_tmolex452/TURBOMOLE_COMPUTE/basen/
  ALTERNATE BASIS SET LIBRARY = /opt/bwhpc/common/chem/turbomole/7.4.1_tmolex452/TURBOMOLE_COMPUTE/basold/
 LIBRARY FOR RI-J  BASIS SETS = /opt/bwhpc/common/chem/turbomole/7.4.1_tmolex452/TURBOMOLE_COMPUTE/jbasen/
 LIBRARY FOR RI-JK BASIS SETS = /opt/bwhpc/common/chem/turbomole/7.4.1_tmolex452/TURBOMOLE_COMPUTE/jkbasen/
 LIBRARY FOR RIMP2/RICC2 SETS = /opt/bwhpc/common/chem/turbomole/7.4.1_tmolex452/TURBOMOLE_COMPUTE/cbasen/
 LIBRARY FOR RIR12 BASIS SETS = /opt/bwhpc/common/chem/turbomole/7.4.1_tmolex452/TURBOMOLE_COMPUTE/cabasen/
 LIBRARY FOR OEP   BASIS SETS = /opt/bwhpc/common/chem/turbomole/7.4.1_tmolex452/TURBOMOLE_COMPUTE/xbasen/
            STRUCTURE LIBRARY = /opt/bwhpc/common/chem/turbomole/7.4.1_tmolex452/TURBOMOLE_COMPUTE/structures/
 

 ***********************************************************
 *                                                         *
 *                       D E F I N E                       *
 *                                                         *
 *         TURBOMOLE'S  INTERACTIVE  INPUT  PROGRAM        *
 *                                                         *
 *  Quantum Chemistry Group       University of Karlsruhe  *
 *                                                         *
 ***********************************************************


 FILE control ALREADY EXISTS 
 I WILL PLUG IN THE NEW DATA.
 ***********************************************************
 *                                                         *
 *                  BATCH MODE ACTIVATED !                 *
 *                                                         *
 *  using mainly default settings and avoid user questions *
 *  delete $runbatch/$tmole in control file to deactivate  *
 *                                                         *
 ***********************************************************

 DATA WILL BE TAKEN FROM control BY DEFAULT
 
 INPUT TITLE 

 SYMMETRY c1   AND CARTESIAN COORDINATES FOR  10 ATOMS 
 HAVE BEEN READ FROM THE DEFAULT INPUT FILE control . 
 DEFINITIONS OF    1 INTERNAL COORDINATES HAVE BEEN READ. 
 SPECIFICATION OF BOND TOPOLOGY HAS BEEN READ. 
 DO YOU WANT TO CHANGE THE GEOMETRY DATA ?  DEFAULT=n  GOBACK=&


 SPECIFICATION OF MOLECULAR GEOMETRY ( #ATOMS=10    SYMMETRY=c1  )
 YOU MAY USE ONE OF THE FOLLOWING COMMANDS : 
 sy <group> <eps> : DEFINE MOLECULAR SYMMETRY (default for eps=3d-1)
 desy <eps>       : DETERMINE MOLECULAR SYMMETRY AND ADJUST 
                     COORDINATES (default for eps=1d-6)
 susy             : ADJUST COORDINATES FOR SUBGROUPS
 ai               : ADD ATOMIC COORDINATES INTERACTIVELY
 a <file>         : ADD ATOMIC COORDINATES FROM FILE <file>
 aa <file>        : ADD ATOMIC COORDINATES IN ANGSTROEM UNITS FROM FILE <file>
 sub              : SUBSTITUTE AN ATOM BY A GROUP OF ATOMS
 i                : INTERNAL COORDINATE MENU 
 ired             : REDUNDANT INTERNAL COORDINATES
 red_info         : DISPLAY REDUNDANT INTERNAL COORDINATES
 ff               : UFF-FORCEFIELD CALCULATION
 m                : MANIPULATE GEOMETRY
 frag             : Define Fragments for BSSE calculation
 w <file>         : WRITE MOLECULAR COORDINATES TO FILE <file> 
 r <file>         : RELOAD ATOMIC AND INTERNAL COORDINATES FROM FILE <file>
 name             : CHANGE ATOMIC IDENTIFIERS 
 del              : DELETE ATOMS 
 dis              : DISPLAY MOLECULAR GEOMETRY 
 banal            : CARRY OUT BOND ANALYSIS 
 *                : TERMINATE MOLECULAR GEOMETRY SPECIFICATION 
                     AND WRITE GEOMETRY DATA TO CONTROL FILE 

 IF YOU APPEND A QUESTION MARK TO ANY COMMAND AN EXPLANATION
 OF THAT COMMAND MAY BE GIVEN 

     GEOIRED: NBDIM      24  NDEGR:      24
      Lowest Eigenvalue of BmBt is:          0.0647909022
     GEOSPY: ATTENTION! 
     natural internals not linearly independent? 
       Decoupling with "globtry"=    1.04424062656042     
     GEOSPY: ATTENTION! 
     natural internals not linearly independent? 
       Decoupling with "globtry"=   0.999999999900000     
      Lowest Eigenvalue of projected BBt           0.0647909022 No:    24
      Quotient of Eigenvalues           1.0000000000
     OCCUPATION OF BLOCKS:   24    0    0    0    0

    geometry change & new internal coordinates :
delocalized internal coordinate             0.0000000000    3.0793390491
delocalized internal coordinate             0.0000000000    1.8209453027
delocalized internal coordinate             0.0000000000    1.8822901135
delocalized internal coordinate             0.0000000000    2.0683479254
delocalized internal coordinate             0.0000000000    2.0689678243
delocalized internal coordinate             0.0000000000    0.0388796207
delocalized internal coordinate             0.0000000000    0.0078678806
delocalized internal coordinate             0.0000000000    0.0947486401
delocalized internal coordinate             0.0000000000    0.0089626966
delocalized internal coordinate             0.0000000000    2.0683479597
delocalized internal coordinate             0.0000000000    2.0689678304
delocalized internal coordinate             0.0000000000    0.0388799176
delocalized internal coordinate             0.0000000000    0.0078675890
delocalized internal coordinate             0.0000000000    0.0947481828
delocalized internal coordinate             0.0000000000    0.0089632045
delocalized internal coordinate             0.0000000000    3.0793761335
delocalized internal coordinate             0.0000000000    1.8209453176
delocalized internal coordinate             0.0000000000    1.8822900310
delocalized internal coordinate             0.0000000000    2.6877762048
delocalized internal coordinate             0.0000000000    1.8618727836
delocalized internal coordinate             0.0000000000    2.6877760977
delocalized internal coordinate             0.0000000000    1.8618731506
delocalized internal coordinate             0.0000000000    2.8524682095
delocalized internal coordinate            -0.0000000000    3.0368728985

  **** convergence reached within     1 iterations ****

  Updated coordinates will be transformed into principal axis system

            *******************************************
   ATOM      NEW CARTESIAN COORDINATES

    1 h       0.84176908309008      0.03857140789314     -4.71687386134069
    2 o      -0.37028524792655     -0.06711737625194     -3.36203218243399
    3 c       0.97622637778395      0.06763246476113     -1.03977253947960
    4 h       2.12021121790238      1.78651213768704     -0.91805772417551
    5 h       2.22080609261119     -1.56569375395303     -0.78699861937301
    6 c      -0.97622546619049      0.06763691142493      1.03977228641970
    7 h      -2.12020442382065      1.78652035469053      0.91805484592654
    8 h      -2.22081072182936     -1.56568530389172      0.78699972899819
    9 o       0.37028484324589     -0.06711370205390      3.36203252379784
   10 h      -0.84177568721059      0.03851673368179      4.71687322703947

 SPECIFICATION OF MOLECULAR GEOMETRY ( #ATOMS=10    SYMMETRY=c1  )
 YOU MAY USE ONE OF THE FOLLOWING COMMANDS : 
 sy <group> <eps> : DEFINE MOLECULAR SYMMETRY (default for eps=3d-1)
 desy <eps>       : DETERMINE MOLECULAR SYMMETRY AND ADJUST 
                     COORDINATES (default for eps=1d-6)
 susy             : ADJUST COORDINATES FOR SUBGROUPS
 ai               : ADD ATOMIC COORDINATES INTERACTIVELY
 a <file>         : ADD ATOMIC COORDINATES FROM FILE <file>
 aa <file>        : ADD ATOMIC COORDINATES IN ANGSTROEM UNITS FROM FILE <file>
 sub              : SUBSTITUTE AN ATOM BY A GROUP OF ATOMS
 i                : INTERNAL COORDINATE MENU 
 ired             : REDUNDANT INTERNAL COORDINATES
 red_info         : DISPLAY REDUNDANT INTERNAL COORDINATES
 ff               : UFF-FORCEFIELD CALCULATION
 m                : MANIPULATE GEOMETRY
 frag             : Define Fragments for BSSE calculation
 w <file>         : WRITE MOLECULAR COORDINATES TO FILE <file> 
 r <file>         : RELOAD ATOMIC AND INTERNAL COORDINATES FROM FILE <file>
 name             : CHANGE ATOMIC IDENTIFIERS 
 del              : DELETE ATOMS 
 dis              : DISPLAY MOLECULAR GEOMETRY 
 banal            : CARRY OUT BOND ANALYSIS 
 *                : TERMINATE MOLECULAR GEOMETRY SPECIFICATION 
                     AND WRITE GEOMETRY DATA TO CONTROL FILE 

 IF YOU APPEND A QUESTION MARK TO ANY COMMAND AN EXPLANATION
 OF THAT COMMAND MAY BE GIVEN 


 GEOMETRY DATA WILL BE WRITTEN TO FILE coord


 ATOMIC ATTRIBUTE DATA (BASES,CHARGES,MASSES,ECPS) HAVE BEEN
 TAKEN FROM THE DEFAULT INPUT FILE control.
 DO YOU WANT TO CHANGE THESE DATA ? DEFAULT=n  GOBACK=&


========================
 internal module stack: 
------------------------
    define
    abcspy
========================

  program quits due to user input 
 define ended abnormally
 define ended abnormally
program stopped.
